ocr_ui/build/intermediates/manifest_merge_blame_file/debug/manifest-merger-blame-debug-report.txt
1<?xml version="1.0" encoding="utf-8"?>
2<!--   ~ Copyright (C) 2017 Baidu, Inc. All Rights Reserved. -->
3<manifest xmlns:android="http://schemas.android.com/apk/res/android"
4    xmlns:tools="http://schemas.android.com/tools"
5    package="com.baidu.ocr.ui"
6    android:versionCode="1"
7    android:versionName="1.0" >
8
9    <uses-sdk
10        android:minSdkVersion="14"
10-->src/main/AndroidManifest.xml
11        android:targetSdkVersion="27" />
11-->src/main/AndroidManifest.xml
12
13    <uses-permission android:name="android.permission.CAMERA" />
13-->src/main/AndroidManifest.xml:8:5-64
13-->src/main/AndroidManifest.xml:8:22-62
14    <uses-permission android:name="android.permission.READ_EXTERNAL_STORAGE" />
14-->src/main/AndroidManifest.xml:9:5-79
14-->src/main/AndroidManifest.xml:9:22-77
15    <uses-permission android:name="android.permission.WRITE_EXTERNAL_STORAGE" />
15-->src/main/AndroidManifest.xml:10:5-80
15-->src/main/AndroidManifest.xml:10:22-78
16
17    <uses-feature android:name="android.hardware.camera2.full" />
17-->src/main/AndroidManifest.xml:11:5-65
17-->src/main/AndroidManifest.xml:11:19-63
18    <uses-feature android:name="android.hardware.camera" />
18-->src/main/AndroidManifest.xml:12:5-59
18-->src/main/AndroidManifest.xml:12:19-57
19    <uses-feature android:name="android.hardware.camera.autofocus" />
19-->src/main/AndroidManifest.xml:13:5-70
19-->src/main/AndroidManifest.xml:13:19-67
20
21    <application
21-->src/main/AndroidManifest.xml:15:5-25:19
22        android:allowBackup="true"
22-->src/main/AndroidManifest.xml:15:18-44
23        android:label="@string/app_name"
23-->src/main/AndroidManifest.xml:16:18-50
24        android:supportsRtl="true"
24-->src/main/AndroidManifest.xml:17:18-44
25        android:theme="@style/AppTheme"
25-->src/main/AndroidManifest.xml:19:18-49
26        android:vmSafeMode="true" >
26-->src/main/AndroidManifest.xml:18:18-43
27        <activity
27-->src/main/AndroidManifest.xml:21:9-23:85
28            android:name="com.baidu.ocr.ui.camera.CameraActivity"
28-->src/main/AndroidManifest.xml:21:19-72
29            android:configChanges="screenSize|orientation"
29-->src/main/AndroidManifest.xml:22:19-65
30            android:theme="@android:style/Theme.Holo.NoActionBar.Fullscreen" />
30-->src/main/AndroidManifest.xml:23:19-83
31    </application>
32
33</manifest>